<?xml version="1.0" encoding="UTF-8"?>
<testng-results ignored="0" total="9" passed="9" failed="0" skipped="0">
  <reporter-output>
  </reporter-output>
  <suite started-at="2025-02-27T11:43:06 PST" name="Default suite" finished-at="2025-02-27T11:46:08 PST" duration-ms="182179">
    <groups>
    </groups>
    <test started-at="2025-02-27T11:43:06 PST" name="Default test" finished-at="2025-02-27T11:46:08 PST" duration-ms="182179">
      <class name="testcases.Links">
        <test-method signature="links(java.lang.String)[pri:0, instance:testcases.Links@4c178a76]" started-at="2025-02-27T11:43:08 PST" name="links" data-provider="links" finished-at="2025-02-27T11:43:30 PST" duration-ms="21752" status="PASS">
          <params>
            <param index="0">
              <value>
                <![CDATA[Home]]>
              </value>
            </param>
          </params>
          <reporter-output>
          </reporter-output>
        </test-method> <!-- links -->
        <test-method signature="links(java.lang.String)[pri:0, instance:testcases.Links@4c178a76]" started-at="2025-02-27T11:43:30 PST" name="links" data-provider="links" finished-at="2025-02-27T11:43:47 PST" duration-ms="17255" status="PASS">
          <params>
            <param index="0">
              <value>
                <![CDATA[HomeZdsVg]]>
              </value>
            </param>
          </params>
          <reporter-output>
          </reporter-output>
        </test-method> <!-- links -->
        <test-method signature="links(java.lang.String)[pri:0, instance:testcases.Links@4c178a76]" started-at="2025-02-27T11:43:47 PST" name="links" data-provider="links" finished-at="2025-02-27T11:44:07 PST" duration-ms="19479" status="PASS">
          <params>
            <param index="0">
              <value>
                <![CDATA[Created]]>
              </value>
            </param>
          </params>
          <reporter-output>
          </reporter-output>
        </test-method> <!-- links -->
        <test-method signature="links(java.lang.String)[pri:0, instance:testcases.Links@4c178a76]" started-at="2025-02-27T11:44:07 PST" name="links" data-provider="links" finished-at="2025-02-27T11:44:27 PST" duration-ms="20346" status="PASS">
          <params>
            <param index="0">
              <value>
                <![CDATA[No Content]]>
              </value>
            </param>
          </params>
          <reporter-output>
          </reporter-output>
        </test-method> <!-- links -->
        <test-method signature="links(java.lang.String)[pri:0, instance:testcases.Links@4c178a76]" started-at="2025-02-27T11:44:27 PST" name="links" data-provider="links" finished-at="2025-02-27T11:44:48 PST" duration-ms="21230" status="PASS">
          <params>
            <param index="0">
              <value>
                <![CDATA[Moved]]>
              </value>
            </param>
          </params>
          <reporter-output>
          </reporter-output>
        </test-method> <!-- links -->
        <test-method signature="links(java.lang.String)[pri:0, instance:testcases.Links@4c178a76]" started-at="2025-02-27T11:44:48 PST" name="links" data-provider="links" finished-at="2025-02-27T11:45:08 PST" duration-ms="19566" status="PASS">
          <params>
            <param index="0">
              <value>
                <![CDATA[Bad Request]]>
              </value>
            </param>
          </params>
          <reporter-output>
          </reporter-output>
        </test-method> <!-- links -->
        <test-method signature="links(java.lang.String)[pri:0, instance:testcases.Links@4c178a76]" started-at="2025-02-27T11:45:08 PST" name="links" data-provider="links" finished-at="2025-02-27T11:45:26 PST" duration-ms="18249" status="PASS">
          <params>
            <param index="0">
              <value>
                <![CDATA[Unauthorized]]>
              </value>
            </param>
          </params>
          <reporter-output>
          </reporter-output>
        </test-method> <!-- links -->
        <test-method signature="links(java.lang.String)[pri:0, instance:testcases.Links@4c178a76]" started-at="2025-02-27T11:45:26 PST" name="links" data-provider="links" finished-at="2025-02-27T11:45:47 PST" duration-ms="20894" status="PASS">
          <params>
            <param index="0">
              <value>
                <![CDATA[Forbidden]]>
              </value>
            </param>
          </params>
          <reporter-output>
          </reporter-output>
        </test-method> <!-- links -->
        <test-method signature="links(java.lang.String)[pri:0, instance:testcases.Links@4c178a76]" started-at="2025-02-27T11:45:47 PST" name="links" data-provider="links" finished-at="2025-02-27T11:46:08 PST" duration-ms="21038" status="PASS">
          <params>
            <param index="0">
              <value>
                <![CDATA[Not Found]]>
              </value>
            </param>
          </params>
          <reporter-output>
          </reporter-output>
        </test-method> <!-- links -->
      </class> <!-- testcases.Links -->
    </test> <!-- Default test -->
  </suite> <!-- Default suite -->
</testng-results>
