<?xml version="1.0" encoding="UTF-8"?>
<!-- Generated by org.testng.reporters.JUnitXMLReporter -->
<testsuite ignored="0" hostname="DESKTOP-EG9S55C" failures="0" tests="9" name="Default test" time="182.179" errors="0" timestamp="2025-02-27T11:46:08 PST">
  <testcase classname="testcases.Links" name="links" time="21.752"/>
  <testcase classname="testcases.Links" name="links" time="17.255"/>
  <testcase classname="testcases.Links" name="links" time="19.479"/>
  <testcase classname="testcases.Links" name="links" time="20.346"/>
  <testcase classname="testcases.Links" name="links" time="21.23"/>
  <testcase classname="testcases.Links" name="links" time="19.566"/>
  <testcase classname="testcases.Links" name="links" time="18.249"/>
  <testcase classname="testcases.Links" name="links" time="20.894"/>
  <testcase classname="testcases.Links" name="links" time="21.038"/>
</testsuite> <!-- Default test -->
